{"C:\\Users\\hamzn\\Documents\\SCHOOL\\Year 2.1\\Sem 2 (PC07)\\DVOPS\\DVOPS_Projects\\Blogger\\Blogger\\utils\\BlogUtil.js": {"path":"C:\\Users\\hamzn\\Documents\\SCHOOL\\Year 2.1\\Sem 2 (PC07)\\DVOPS\\DVOPS_Projects\\Blogger\\Blogger\\utils\\BlogUtil.js","statementMap":{"0":{"start":{"line":1,"column":17},"end":{"line":1,"column":42}},"1":{"start":{"line":2,"column":11},"end":{"line":2,"column":33}},"2":{"start":{"line":5,"column":4},"end":{"line":13,"column":5}},"3":{"start":{"line":6,"column":8},"end":{"line":6,"column":54}},"4":{"start":{"line":7,"column":21},"end":{"line":7,"column":56}},"5":{"start":{"line":8,"column":8},"end":{"line":8,"column":43}},"6":{"start":{"line":9,"column":8},"end":{"line":9,"column":32}},"7":{"start":{"line":11,"column":8},"end":{"line":11,"column":62}},"8":{"start":{"line":12,"column":8},"end":{"line":12,"column":18}},"9":{"start":{"line":17,"column":4},"end":{"line":30,"column":5}},"10":{"start":{"line":18,"column":8},"end":{"line":18,"column":58}},"11":{"start":{"line":19,"column":27},"end":{"line":19,"column":51}},"12":{"start":{"line":20,"column":8},"end":{"line":20,"column":66}},"13":{"start":{"line":22,"column":8},"end":{"line":22,"column":32}},"14":{"start":{"line":24,"column":8},"end":{"line":24,"column":82}},"15":{"start":{"line":25,"column":8},"end":{"line":25,"column":57}},"16":{"start":{"line":26,"column":8},"end":{"line":26,"column":26}},"17":{"start":{"line":28,"column":8},"end":{"line":28,"column":60}},"18":{"start":{"line":29,"column":8},"end":{"line":29,"column":18}},"19":{"start":{"line":34,"column":4},"end":{"line":58,"column":5}},"20":{"start":{"line":35,"column":22},"end":{"line":35,"column":36}},"21":{"start":{"line":36,"column":24},"end":{"line":36,"column":40}},"22":{"start":{"line":37,"column":23},"end":{"line":37,"column":38}},"23":{"start":{"line":39,"column":8},"end":{"line":39,"column":56}},"24":{"start":{"line":41,"column":8},"end":{"line":54,"column":9}},"25":{"start":{"line":42,"column":12},"end":{"line":42,"column":72}},"26":{"start":{"line":43,"column":12},"end":{"line":43,"column":84}},"27":{"start":{"line":44,"column":15},"end":{"line":54,"column":9}},"28":{"start":{"line":45,"column":12},"end":{"line":45,"column":66}},"29":{"start":{"line":46,"column":12},"end":{"line":46,"column":78}},"30":{"start":{"line":47,"column":15},"end":{"line":54,"column":9}},"31":{"start":{"line":48,"column":12},"end":{"line":48,"column":64}},"32":{"start":{"line":49,"column":12},"end":{"line":49,"column":76}},"33":{"start":{"line":51,"column":28},"end":{"line":51,"column":60}},"34":{"start":{"line":52,"column":32},"end":{"line":52,"column":76}},"35":{"start":{"line":53,"column":12},"end":{"line":53,"column":53}},"36":{"start":{"line":56,"column":8},"end":{"line":56,"column":50}},"37":{"start":{"line":57,"column":8},"end":{"line":57,"column":64}},"38":{"start":{"line":62,"column":4},"end":{"line":68,"column":5}},"39":{"start":{"line":63,"column":25},"end":{"line":63,"column":59}},"40":{"start":{"line":64,"column":8},"end":{"line":64,"column":46}},"41":{"start":{"line":66,"column":8},"end":{"line":66,"column":52}},"42":{"start":{"line":67,"column":8},"end":{"line":67,"column":64}},"43":{"start":{"line":71,"column":0},"end":{"line":76,"column":2}}},"fnMap":{"0":{"name":"readJSON","decl":{"start":{"line":4,"column":15},"end":{"line":4,"column":23}},"loc":{"start":{"line":4,"column":34},"end":{"line":14,"column":1}},"line":4},"1":{"name":"writeJSON","decl":{"start":{"line":16,"column":15},"end":{"line":16,"column":24}},"loc":{"start":{"line":16,"column":43},"end":{"line":31,"column":1}},"line":16},"2":{"name":"addBlog","decl":{"start":{"line":33,"column":15},"end":{"line":33,"column":22}},"loc":{"start":{"line":33,"column":33},"end":{"line":59,"column":1}},"line":33},"3":{"name":"viewBlogs","decl":{"start":{"line":61,"column":15},"end":{"line":61,"column":24}},"loc":{"start":{"line":61,"column":35},"end":{"line":69,"column":1}},"line":61}},"branchMap":{"0":{"loc":{"start":{"line":41,"column":8},"end":{"line":54,"column":9}},"type":"if","locations":[{"start":{"line":41,"column":8},"end":{"line":54,"column":9}},{"start":{"line":44,"column":15},"end":{"line":54,"column":9}}],"line":41},"1":{"loc":{"start":{"line":41,"column":12},"end":{"line":41,"column":40}},"type":"binary-expr","locations":[{"start":{"line":41,"column":12},"end":{"line":41,"column":19}},{"start":{"line":41,"column":23},"end":{"line":41,"column":40}}],"line":41},"2":{"loc":{"start":{"line":44,"column":15},"end":{"line":54,"column":9}},"type":"if","locations":[{"start":{"line":44,"column":15},"end":{"line":54,"column":9}},{"start":{"line":47,"column":15},"end":{"line":54,"column":9}}],"line":44},"3":{"loc":{"start":{"line":44,"column":19},"end":{"line":44,"column":49}},"type":"binary-expr","locations":[{"start":{"line":44,"column":19},"end":{"line":44,"column":27}},{"start":{"line":44,"column":31},"end":{"line":44,"column":49}}],"line":44},"4":{"loc":{"start":{"line":47,"column":15},"end":{"line":54,"column":9}},"type":"if","locations":[{"start":{"line":47,"column":15},"end":{"line":54,"column":9}},{"start":{"line":50,"column":15},"end":{"line":54,"column":9}}],"line":47},"5":{"loc":{"start":{"line":47,"column":19},"end":{"line":47,"column":45}},"type":"binary-expr","locations":[{"start":{"line":47,"column":19},"end":{"line":47,"column":25}},{"start":{"line":47,"column":29},"end":{"line":47,"column":45}}],"line":47}},"s":{"0":1,"1":1,"2":3,"3":3,"4":3,"5":2,"6":2,"7":1,"8":1,"9":1,"10":1,"11":1,"12":1,"13":1,"14":1,"15":1,"16":1,"17":0,"18":0,"19":2,"20":2,"21":2,"22":2,"23":2,"24":2,"25":0,"26":0,"27":2,"28":0,"29":0,"30":2,"31":1,"32":1,"33":1,"34":1,"35":1,"36":0,"37":0,"38":2,"39":2,"40":1,"41":1,"42":1,"43":1},"f":{"0":3,"1":1,"2":2,"3":2},"b":{"0":[0,2],"1":[2,2],"2":[0,2],"3":[2,2],"4":[1,1],"5":[2,1]},"_coverageSchema":"1a1c01bbd47fc00a2c39e90264f33305004495a9","hash":"c23088e8176ea5c5adff8106e6844af936af88a3","contentHash":"1972d1fd738e1d50e83970358df70b4a4e9bb6a4a74c5a2d0c97eb0bfcac3ac1"}
}
