{"total": {"lines":{"total":44,"covered":36,"skipped":0,"pct":81.81},"statements":{"total":44,"covered":36,"skipped":0,"pct":81.81},"functions":{"total":4,"covered":4,"skipped":0,"pct":100},"branches":{"total":12,"covered":10,"skipped":0,"pct":83.33},"branchesTrue":{"total":0,"covered":0,"skipped":0,"pct":"Unknown"}}
,"C:\\Users\\hamzn\\Documents\\SCHOOL\\Year 2.1\\Sem 2 (PC07)\\DVOPS\\DVOPS_Projects\\Blogger\\Blogger\\utils\\BlogUtil.js": {"lines":{"total":44,"covered":36,"skipped":0,"pct":81.81},"functions":{"total":4,"covered":4,"skipped":0,"pct":100},"statements":{"total":44,"covered":36,"skipped":0,"pct":81.81},"branches":{"total":12,"covered":10,"skipped":0,"pct":83.33}}
}
