TN:
SF:utils\BlogUtil.js
FN:4,readJSON
FN:16,writeJSON
FN:33,addBlog
FN:61,viewBlogs
FNF:4
FNH:4
FNDA:3,readJSON
FNDA:1,writeJSON
FNDA:2,addBlog
FNDA:2,viewBlogs
DA:1,1
DA:2,1
DA:5,3
DA:6,3
DA:7,3
DA:8,2
DA:9,2
DA:11,1
DA:12,1
DA:17,1
DA:18,1
DA:19,1
DA:20,1
DA:22,1
DA:24,1
DA:25,1
DA:26,1
DA:28,0
DA:29,0
DA:34,2
DA:35,2
DA:36,2
DA:37,2
DA:39,2
DA:41,2
DA:42,0
DA:43,0
DA:44,2
DA:45,0
DA:46,0
DA:47,2
DA:48,1
DA:49,1
DA:51,1
DA:52,1
DA:53,1
DA:56,0
DA:57,0
DA:62,2
DA:63,2
DA:64,1
DA:66,1
DA:67,1
DA:71,1
LF:44
LH:36
BRDA:41,0,0,0
BRDA:41,0,1,2
BRDA:41,1,0,2
BRDA:41,1,1,2
BRDA:44,2,0,0
BRDA:44,2,1,2
BRDA:44,3,0,2
BRDA:44,3,1,2
BRDA:47,4,0,1
BRDA:47,4,1,1
BRDA:47,5,0,2
BRDA:47,5,1,1
BRF:12
BRH:10
end_of_record
